Start testing: Mar 19 15:09 New Zealand Summer Time
----------------------------------------------------------
1/1 Testing: test_input
1/1 Test: test_input
Command: "C:/Users/Deven/Documents/Projects/Firmware/device-stm32/Firmware/build-tests/tests/test_input.exe"
Directory: C:/Users/Deven/Documents/Projects/Firmware/device-stm32/Firmware/build-tests/tests
"test_input" start time: Mar 19 15:09 New Zealand Summer Time
Output:
----------------------------------------------------------
C:\Users\Deven\Documents\Projects\Firmware\device-stm32\Firmware\tests\test_input.c:43:test_input_init_set_default_state:PASS
C:\Users\Deven\Documents\Projects\Firmware\device-stm32\Firmware\tests\test_input.c:44:test_input_update_set_button_event_short_press:PASS
C:\Users\Deven\Documents\Projects\Firmware\device-stm32\Firmware\tests\test_input.c:45:test_input_update_set_button_event_long_press:PASS

-----------------------
3 Tests 0 Failures 0 Ignored 
OK
<end of output>
Test time =   0.20 sec
----------------------------------------------------------
Test Passed.
"test_input" end time: Mar 19 15:09 New Zealand Summer Time
"test_input" time elapsed: 00:00:00
----------------------------------------------------------

End testing: Mar 19 15:09 New Zealand Summer Time
